生成启动时间为 2017/9/10 0:45:25。
     1>项目“F:\当前\IOCPClient\IOCPClient\IOCPClient.vcxproj”在节点 2 上(Rebuild 个目标)。
     1>ClCompile:
         D:\程序\VS2013\VC\bin\CL.exe /c /Zi /nologo /W3 /WX- /sdl /O2 /Oi /Oy- /GL /D WIN32 /D NDEBUG /D _CONSOLE /D _LIB /D _WINDLL /D _UNICODE /D UNICODE /Gm- /EHsc /MD /GS /Gy /fp:precise /Zc:wchar_t /Zc:forScope /Yc"stdafx.h" /Fp"Release\IOCPClient.pch" /Fo"Release\\" /Fd"Release\vc120.pdb" /Gd /TP /analyze- /errorReport:prompt stdafx.cpp
         stdafx.cpp
         D:\程序\VS2013\VC\bin\CL.exe /c /Zi /nologo /W3 /WX- /sdl /O2 /Oi /Oy- /GL /D WIN32 /D NDEBUG /D _CONSOLE /D _LIB /D _WINDLL /D _UNICODE /D UNICODE /Gm- /EHsc /MD /GS /Gy /fp:precise /Zc:wchar_t /Zc:forScope /Yu"stdafx.h" /Fp"Release\IOCPClient.pch" /Fo"Release\\" /Fd"Release\vc120.pdb" /Gd /TP /analyze- /errorReport:prompt api.cpp entry.cpp iocpClientImp.cpp IOCPClient.cpp utils.cpp
         api.cpp
         entry.cpp
         iocpClientImp.cpp
         IOCPClient.cpp
         utils.cpp
       Link:
         D:\程序\VS2013\VC\bin\link.exe /ERRORREPORT:PROMPT /OUT:"F:\当前\IOCPClient\Release\IOCPClient.dll" /INCREMENTAL:NO /NOLOGO kernel32.lib user32.lib gdi32.lib winspool.lib comdlg32.lib advapi32.lib shell32.lib ole32.lib oleaut32.lib uuid.lib odbc32.lib odbccp32.lib /DEF:"export.def" /MANIFEST /MANIFESTUAC:"level='asInvoker' uiAccess='false'" /manifest:embed /DEBUG /PDB:"F:\当前\IOCPClient\Release\IOCPClient.pdb" /SUBSYSTEM:CONSOLE /OPT:REF /OPT:ICF /LTCG /TLBID:1 /DYNAMICBASE /NXCOMPAT /IMPLIB:"F:\当前\IOCPClient\Release\IOCPClient.lib" /MACHINE:X86 /SAFESEH /DLL Release\api.obj
         Release\entry.obj
         Release\iocpClientImp.obj
         Release\IOCPClient.obj
         Release\stdafx.obj
         Release\utils.obj
            正在创建库 F:\当前\IOCPClient\Release\IOCPClient.lib 和对象 F:\当前\IOCPClient\Release\IOCPClient.exp
         正在生成代码
         已完成代码的生成
         IOCPClient.vcxproj -> F:\当前\IOCPClient\Release\IOCPClient.dll
     1>已完成生成项目“F:\当前\IOCPClient\IOCPClient\IOCPClient.vcxproj”(Rebuild 个目标)的操作。

生成成功。

已用时间 00:00:16.40
